<?xml version="1.0" encoding="UTF-8"?>
<testsuite xmlns:xsi="http://www.w3.org/2001/XMLSchema-instance" xsi:noNamespaceSchemaLocation="https://maven.apache.org/surefire/maven-surefire-plugin/xsd/surefire-test-report.xsd" name="uta.cse3310.LobbyTest" time="0.002" tests="5" errors="0" skipped="0" failures="0">
  <properties>
[...]
</properties>
  <testcase name="testAssociateWebSocketWithPlayer" classname="uta.cse3310.InitialLobbyTest" time="0"/>
  <testcase name="testUpdatePlayerName" classname="uta.cse3310.InitialLobbyTest" time="0"/>
  <testcase name="testGetPlayerIndexForWebSocket" classname="uta.cse3310.InitialLobbyTest" time="0"/>
  <testcase name="testInitNames" classname="uta.cse3310.InitialLobbyTest" time="0"/>
  <testcase name="testUpdate" classname="uta.cse3310.InitialLobbyTest" time="0.002"/>
</testsuite>